Removed Pin From Net: NetName=VDD_33 Pin=SENSOR1A-1
Removed Pin From Net: NetName=GND Pin=SENSOR1A-6
Removed Pin From Net: NetName=VDD_18 Pin=SENSOR1A-7
Removed Pin From Net: NetName=GND Pin=SENSOR1A-20
Removed Pin From Net: NetName=VDD_18 Pin=SENSOR1A-21
Removed Pin From Net: NetName=VDD_33 Pin=SENSOR1A-23
Removed Pin From Net: NetName=GND Pin=SENSOR1A-24
Removed Pin From Net: NetName=VDD_33 Pin=SENSOR1A-37
Removed Pin From Net: NetName=GND Pin=SENSOR1A-38
Removed Pin From Net: NetName=GND Pin=SENSOR1A-39
Removed Pin From Net: NetName=VDD_18 Pin=SENSOR1A-40
Removed Pin From Net: NetName=VDD_18 Pin=SENSOR1A-45
Removed Pin From Net: NetName=GND Pin=SENSOR1A-46
Removed Pin From Net: NetName=VDD_33 Pin=SENSOR1A-49
Removed Pin From Net: NetName=GND Pin=SENSOR1A-50
Removed Pin From Net: NetName=VDD_PIX Pin=SENSOR1A-57
Removed Pin From Net: NetName=GND Pin=SENSOR1A-58
Removed Pin From Net: NetName=VDD_PIX Pin=SENSOR1A-60
Removed Pin From Net: NetName=GND Pin=SENSOR1A-61
Removed Pin From Net: NetName=GND Pin=SENSOR1A-62
Removed Pin From Net: NetName=VDD_33 Pin=SENSOR1A-63
Removed Pin From Net: NetName=GND Pin=SENSOR1A-65
Removed Pin From Net: NetName=VDD_PIX Pin=SENSOR1A-66
Removed Pin From Net: NetName=GND Pin=SENSOR1A-67
Removed Pin From Net: NetName=VDD_PIX Pin=SENSOR1A-68
Removed Pin From Net: NetName=VDD_33 Pin=SENSOR1A-79
Removed Pin From Net: NetName=GND Pin=SENSOR1A-80
Removed Pin From Net: NetName=GND Pin=SENSOR1A-84
Removed Pin From Net: NetName=MOSI Pin=SENSOR1B-3
Removed Pin From Net: NetName=MISO Pin=SENSOR1B-4
Removed Pin From Net: NetName=SCLK Pin=SENSOR1B-5
Removed Pin From Net: NetName=DOUT1_N Pin=SENSOR1B-8
Removed Pin From Net: NetName=DOUT1_P Pin=SENSOR1B-9
Removed Pin From Net: NetName=DOUT0_N Pin=SENSOR1B-10
Removed Pin From Net: NetName=DOUT0_P Pin=SENSOR1B-11
Removed Pin From Net: NetName=CLOCK_OUT_P Pin=SENSOR1B-14
Removed Pin From Net: NetName=CLOCK_OUT_N Pin=SENSOR1B-15
Removed Pin From Net: NetName=DOUT2_N Pin=SENSOR1B-16
Removed Pin From Net: NetName=DOUT2_P Pin=SENSOR1B-17
Removed Pin From Net: NetName=DOUT3_N Pin=SENSOR1B-18
Removed Pin From Net: NetName=DOUT3_P Pin=SENSOR1B-19
Removed Pin From Net: NetName=DOUT4_N Pin=SENSOR1B-25
Removed Pin From Net: NetName=DOUT4_P Pin=SENSOR1B-26
Removed Pin From Net: NetName=DOUT5_N Pin=SENSOR1B-27
Removed Pin From Net: NetName=DOUT5_P Pin=SENSOR1B-28
Removed Pin From Net: NetName=SYNC_N Pin=SENSOR1B-29
Removed Pin From Net: NetName=SYNC_P Pin=SENSOR1B-30
Removed Pin From Net: NetName=DOUT7_N Pin=SENSOR1B-33
Removed Pin From Net: NetName=DOUT7_N Pin=SENSOR1B-34
Removed Pin From Net: NetName=DOUT6_N Pin=SENSOR1B-35
Removed Pin From Net: NetName=DOUT6_P Pin=SENSOR1B-36
Removed Pin From Net: NetName=CLOCK_IN_N Pin=SENSOR1B-41
Removed Pin From Net: NetName=CLOCK_IN_P Pin=SENSOR1B-42
Removed Pin From Net: NetName=CLK_PLL Pin=SENSOR1B-44
Removed Pin From Net: NetName=IBIAS_MASTER Pin=SENSOR1B-47
Removed Pin From Net: NetName=TRIGGER_0 Pin=SENSOR1B-70
Removed Pin From Net: NetName=TRIGGER_1 Pin=SENSOR1B-71
Removed Pin From Net: NetName=TRIGGER_2 Pin=SENSOR1B-72
Removed Pin From Net: NetName=MONITOR_0 Pin=SENSOR1B-78
Removed Pin From Net: NetName=MONITOR_1 Pin=SENSOR1B-81
Removed Pin From Net: NetName=RESET_N Pin=SENSOR1B-82
Removed Pin From Net: NetName=SS_N Pin=SENSOR1B-83
Removed Member From Class: ClassName=imagesensor Member=SENSOR1A
Removed Member From Class: ClassName=imagesensor Member=SENSOR1B
Added Component: Designator=U?(PLCC84_L)
Added Pin To Net: NetName=VDD_33 Pin=U?-1
Added Pin To Net: NetName=MOSI Pin=U?-3
Added Pin To Net: NetName=MISO Pin=U?-4
Added Pin To Net: NetName=SCLK Pin=U?-5
Added Pin To Net: NetName=GND Pin=U?-6
Added Pin To Net: NetName=VDD_18 Pin=U?-7
Added Pin To Net: NetName=DOUT1_N Pin=U?-8
Added Pin To Net: NetName=DOUT1_P Pin=U?-9
Added Pin To Net: NetName=DOUT0_N Pin=U?-10
Added Pin To Net: NetName=DOUT0_P Pin=U?-11
Added Pin To Net: NetName=CLOCK_OUT_P Pin=U?-14
Added Pin To Net: NetName=CLOCK_OUT_N Pin=U?-15
Added Pin To Net: NetName=DOUT2_N Pin=U?-16
Added Pin To Net: NetName=DOUT2_P Pin=U?-17
Added Pin To Net: NetName=DOUT3_N Pin=U?-18
Added Pin To Net: NetName=DOUT3_P Pin=U?-19
Added Pin To Net: NetName=GND Pin=U?-20
Added Pin To Net: NetName=VDD_18 Pin=U?-21
Added Pin To Net: NetName=VDD_33 Pin=U?-23
Added Pin To Net: NetName=GND Pin=U?-24
Added Pin To Net: NetName=DOUT4_N Pin=U?-25
Added Pin To Net: NetName=DOUT4_P Pin=U?-26
Added Pin To Net: NetName=DOUT5_N Pin=U?-27
Added Pin To Net: NetName=DOUT5_P Pin=U?-28
Added Pin To Net: NetName=SYNC_N Pin=U?-29
Added Pin To Net: NetName=SYNC_P Pin=U?-30
Added Pin To Net: NetName=DOUT7_N Pin=U?-33
Added Pin To Net: NetName=DOUT7_N Pin=U?-34
Added Pin To Net: NetName=DOUT6_N Pin=U?-35
Added Pin To Net: NetName=DOUT6_P Pin=U?-36
Added Pin To Net: NetName=VDD_33 Pin=U?-37
Added Pin To Net: NetName=GND Pin=U?-38
Added Pin To Net: NetName=GND Pin=U?-39
Added Pin To Net: NetName=VDD_18 Pin=U?-40
Added Pin To Net: NetName=CLOCK_IN_N Pin=U?-41
Added Pin To Net: NetName=CLOCK_IN_P Pin=U?-42
Added Pin To Net: NetName=CLK_PLL Pin=U?-44
Added Pin To Net: NetName=VDD_18 Pin=U?-45
Added Pin To Net: NetName=GND Pin=U?-46
Added Pin To Net: NetName=IBIAS_MASTER Pin=U?-47
Added Pin To Net: NetName=VDD_33 Pin=U?-49
Added Pin To Net: NetName=GND Pin=U?-50
Added Pin To Net: NetName=VDD_PIX Pin=U?-57
Added Pin To Net: NetName=GND Pin=U?-58
Added Pin To Net: NetName=VDD_PIX Pin=U?-60
Added Pin To Net: NetName=GND Pin=U?-61
Added Pin To Net: NetName=GND Pin=U?-62
Added Pin To Net: NetName=VDD_33 Pin=U?-63
Added Pin To Net: NetName=GND Pin=U?-65
Added Pin To Net: NetName=VDD_PIX Pin=U?-66
Added Pin To Net: NetName=GND Pin=U?-67
Added Pin To Net: NetName=VDD_PIX Pin=U?-68
Added Pin To Net: NetName=TRIGGER_0 Pin=U?-70
Added Pin To Net: NetName=TRIGGER_1 Pin=U?-71
Added Pin To Net: NetName=TRIGGER_2 Pin=U?-72
Added Pin To Net: NetName=MONITOR_0 Pin=U?-78
Added Pin To Net: NetName=VDD_33 Pin=U?-79
Added Pin To Net: NetName=GND Pin=U?-80
Added Pin To Net: NetName=MONITOR_1 Pin=U?-81
Added Pin To Net: NetName=RESET_N Pin=U?-82
Added Pin To Net: NetName=SS_N Pin=U?-83
Added Pin To Net: NetName=GND Pin=U?-84
