Removed Pin From Net: NetName=VDD_33 Pin=SENSOR2A-1
Removed Pin From Net: NetName=GND Pin=SENSOR2A-5
Removed Pin From Net: NetName=VDD_18 Pin=SENSOR2A-6
Removed Pin From Net: NetName=VDD_33 Pin=SENSOR2A-19
Removed Pin From Net: NetName=GND Pin=SENSOR2A-20
Removed Pin From Net: NetName=GND Pin=SENSOR2A-21
Removed Pin From Net: NetName=VDD_18 Pin=SENSOR2A-22
Removed Pin From Net: NetName=VDD_18 Pin=SENSOR2A-26
Removed Pin From Net: NetName=GND Pin=SENSOR2A-27
Removed Pin From Net: NetName=VDD_33 Pin=SENSOR2A-29
Removed Pin From Net: NetName=GND Pin=SENSOR2A-30
Removed Pin From Net: NetName=VDD_PIX Pin=SENSOR2A-31
Removed Pin From Net: NetName=GND Pin=SENSOR2A-32
Removed Pin From Net: NetName=VDD_PIX Pin=SENSOR2A-33
Removed Pin From Net: NetName=GND Pin=SENSOR2A-34
Removed Pin From Net: NetName=GND Pin=SENSOR2A-35
Removed Pin From Net: NetName=VDD_33 Pin=SENSOR2A-36
Removed Pin From Net: NetName=GND Pin=SENSOR2A-37
Removed Pin From Net: NetName=VDD_PIX Pin=SENSOR2A-38
Removed Pin From Net: NetName=GND Pin=SENSOR2A-39
Removed Pin From Net: NetName=VDD_PIX Pin=SENSOR2A-40
Removed Pin From Net: NetName=GND Pin=SENSOR2A-48
Removed Pin From Net: NetName=MOSI Pin=SENSOR2B-2
Removed Pin From Net: NetName=MISO Pin=SENSOR2B-3
Removed Pin From Net: NetName=SCLK Pin=SENSOR2B-4
Removed Pin From Net: NetName=CLOCK_OUT_N Pin=SENSOR2B-7
Removed Pin From Net: NetName=CLOCK_OUT_P Pin=SENSOR2B-8
Removed Pin From Net: NetName=DOUT0_N Pin=SENSOR2B-9
Removed Pin From Net: NetName=DOUT0_P Pin=SENSOR2B-10
Removed Pin From Net: NetName=DOUT1_N Pin=SENSOR2B-11
Removed Pin From Net: NetName=DOUT1_P Pin=SENSOR2B-12
Removed Pin From Net: NetName=DOUT2_N Pin=SENSOR2B-13
Removed Pin From Net: NetName=DOUT2_P Pin=SENSOR2B-14
Removed Pin From Net: NetName=DOUT3_N Pin=SENSOR2B-15
Removed Pin From Net: NetName=DOUT3_P Pin=SENSOR2B-16
Removed Pin From Net: NetName=SYNC_N Pin=SENSOR2B-17
Removed Pin From Net: NetName=SYNC_P Pin=SENSOR2B-18
Removed Pin From Net: NetName=CLOCK_IN_N Pin=SENSOR2B-23
Removed Pin From Net: NetName=CLOCK_IN_P Pin=SENSOR2B-24
Removed Pin From Net: NetName=CLK_PLL Pin=SENSOR2B-25
Removed Pin From Net: NetName=IBIAS_MASTER Pin=SENSOR2B-28
Removed Pin From Net: NetName=TRIGGER_0 Pin=SENSOR2B-41
Removed Pin From Net: NetName=TRIGGER_1 Pin=SENSOR2B-42
Removed Pin From Net: NetName=TRIGGER_2 Pin=SENSOR2B-43
Removed Pin From Net: NetName=MONITOR_0 Pin=SENSOR2B-44
Removed Pin From Net: NetName=MONITOR_1 Pin=SENSOR2B-45
Removed Pin From Net: NetName=RESET_N Pin=SENSOR2B-46
Removed Pin From Net: NetName=SS_N Pin=SENSOR2B-47
Removed Member From Class: ClassName=imagesensor Member=SENSOR2A
Removed Member From Class: ClassName=imagesensor Member=SENSOR2B
Added Pin To Net: NetName=VDD_33 Pin=U?-1
Added Pin To Net: NetName=MOSI Pin=U?-2
Added Pin To Net: NetName=MISO Pin=U?-3
Added Pin To Net: NetName=SCLK Pin=U?-4
Added Pin To Net: NetName=GND Pin=U?-5
Added Pin To Net: NetName=VDD_18 Pin=U?-6
Added Pin To Net: NetName=CLOCK_OUT_N Pin=U?-7
Added Pin To Net: NetName=CLOCK_OUT_P Pin=U?-8
Added Pin To Net: NetName=DOUT0_N Pin=U?-9
Added Pin To Net: NetName=DOUT0_P Pin=U?-10
Added Pin To Net: NetName=DOUT1_N Pin=U?-11
Added Pin To Net: NetName=DOUT1_P Pin=U?-12
Added Pin To Net: NetName=DOUT2_N Pin=U?-13
Added Pin To Net: NetName=DOUT2_P Pin=U?-14
Added Pin To Net: NetName=DOUT3_N Pin=U?-15
Added Pin To Net: NetName=DOUT3_P Pin=U?-16
Added Pin To Net: NetName=SYNC_N Pin=U?-17
Added Pin To Net: NetName=SYNC_P Pin=U?-18
Added Pin To Net: NetName=VDD_33 Pin=U?-19
Added Pin To Net: NetName=GND Pin=U?-20
Added Pin To Net: NetName=GND Pin=U?-21
Added Pin To Net: NetName=VDD_18 Pin=U?-22
Added Pin To Net: NetName=CLOCK_IN_N Pin=U?-23
Added Pin To Net: NetName=CLOCK_IN_P Pin=U?-24
Added Pin To Net: NetName=CLK_PLL Pin=U?-25
Added Pin To Net: NetName=VDD_18 Pin=U?-26
Added Pin To Net: NetName=GND Pin=U?-27
Added Pin To Net: NetName=IBIAS_MASTER Pin=U?-28
Added Pin To Net: NetName=VDD_33 Pin=U?-29
Added Pin To Net: NetName=GND Pin=U?-30
Added Pin To Net: NetName=VDD_PIX Pin=U?-31
Added Pin To Net: NetName=GND Pin=U?-32
Added Pin To Net: NetName=VDD_PIX Pin=U?-33
Added Pin To Net: NetName=GND Pin=U?-34
Added Pin To Net: NetName=GND Pin=U?-35
Added Pin To Net: NetName=VDD_33 Pin=U?-36
Added Pin To Net: NetName=GND Pin=U?-37
Added Pin To Net: NetName=VDD_PIX Pin=U?-38
Added Pin To Net: NetName=GND Pin=U?-39
Added Pin To Net: NetName=VDD_PIX Pin=U?-40
Added Pin To Net: NetName=TRIGGER_0 Pin=U?-41
Added Pin To Net: NetName=TRIGGER_1 Pin=U?-42
Added Pin To Net: NetName=TRIGGER_2 Pin=U?-43
Added Pin To Net: NetName=MONITOR_0 Pin=U?-44
Added Pin To Net: NetName=MONITOR_1 Pin=U?-45
Added Pin To Net: NetName=RESET_N Pin=U?-46
Added Pin To Net: NetName=SS_N Pin=U?-47
Added Pin To Net: NetName=GND Pin=U?-48
