Added Pin To Net: NetName=MOSI Pin=SENSOR2B-2
Added Pin To Net: NetName=MISO Pin=SENSOR2B-3
Added Pin To Net: NetName=SCLK Pin=SENSOR2B-4
Added Pin To Net: NetName=CLOCK_OUT_N Pin=SENSOR2B-7
Added Pin To Net: NetName=CLOCK_OUT_P Pin=SENSOR2B-8
Added Pin To Net: NetName=DOUT0_N Pin=SENSOR2B-9
Added Pin To Net: NetName=DOUT0_P Pin=SENSOR2B-10
Added Pin To Net: NetName=DOUT1_N Pin=SENSOR2B-11
Added Pin To Net: NetName=DOUT1_P Pin=SENSOR2B-12
Added Pin To Net: NetName=DOUT2_N Pin=SENSOR2B-13
Added Pin To Net: NetName=DOUT2_P Pin=SENSOR2B-14
Added Pin To Net: NetName=DOUT3_N Pin=SENSOR2B-15
Added Pin To Net: NetName=DOUT3_P Pin=SENSOR2B-16
Added Pin To Net: NetName=SYNC_N Pin=SENSOR2B-17
Added Pin To Net: NetName=SYNC_P Pin=SENSOR2B-18
Added Pin To Net: NetName=CLOCK_IN_N Pin=SENSOR2B-23
Added Pin To Net: NetName=CLOCK_IN_P Pin=SENSOR2B-24
Added Pin To Net: NetName=CLK_PLL Pin=SENSOR2B-25
Added Pin To Net: NetName=IBIAS_MASTER Pin=SENSOR2B-28
Added Pin To Net: NetName=TRIGGER_0 Pin=SENSOR2B-41
Added Pin To Net: NetName=TRIGGER_1 Pin=SENSOR2B-42
Added Pin To Net: NetName=TRIGGER_2 Pin=SENSOR2B-43
Added Pin To Net: NetName=MONITOR_0 Pin=SENSOR2B-44
Added Pin To Net: NetName=MONITOR_1 Pin=SENSOR2B-45
Added Pin To Net: NetName=RESET_N Pin=SENSOR2B-46
Added Pin To Net: NetName=SS_N Pin=SENSOR2B-47
